Terminals unused in grammar

   PE_PREFIX_RAW
   PE_PREFIX_GROUP
   PE_ERROR


Grammar

    0 $accept: start $end

    1 start: PE_START_EVENTS start_events
    2      | PE_START_TERMS start_terms

    3 start_events: groups

    4 groups: groups ',' group
    5       | groups ',' event
    6       | group
    7       | event

    8 group: group_def ':' PE_MODIFIER_EVENT
    9      | group_def

   10 group_def: PE_NAME '{' events '}'
   11          | '{' events '}'

   12 events: events ',' event
   13       | event

   14 event: event_mod

   15 event_mod: event_name PE_MODIFIER_EVENT
   16          | event_name

   17 event_name: PE_EVENT_NAME event_def
   18           | event_def

   19 event_def: event_pmu
   20          | event_legacy_symbol
   21          | event_legacy_cache sep_dc
   22          | event_legacy_mem
   23          | event_legacy_tracepoint sep_dc
   24          | event_legacy_numeric sep_dc
   25          | event_legacy_raw sep_dc

   26 event_pmu: PE_NAME opt_event_config
   27          | PE_KERNEL_PMU_EVENT sep_dc
   28          | PE_PMU_EVENT_PRE '-' PE_PMU_EVENT_SUF sep_dc

   29 value_sym: PE_VALUE_SYM_HW
   30          | PE_VALUE_SYM_SW

   31 event_legacy_symbol: value_sym '/' event_config '/'
   32                    | value_sym sep_slash_dc

   33 event_legacy_cache: PE_NAME_CACHE_TYPE '-' PE_NAME_CACHE_OP_RESULT '-' PE_NAME_CACHE_OP_RESULT opt_event_config
   34                   | PE_NAME_CACHE_TYPE '-' PE_NAME_CACHE_OP_RESULT opt_event_config
   35                   | PE_NAME_CACHE_TYPE opt_event_config

   36 event_legacy_mem: PE_PREFIX_MEM PE_VALUE '/' PE_VALUE ':' PE_MODIFIER_BP sep_dc
   37                 | PE_PREFIX_MEM PE_VALUE '/' PE_VALUE sep_dc
   38                 | PE_PREFIX_MEM PE_VALUE ':' PE_MODIFIER_BP sep_dc
   39                 | PE_PREFIX_MEM PE_VALUE sep_dc

   40 event_legacy_tracepoint: tracepoint_name opt_event_config

   41 tracepoint_name: PE_NAME '-' PE_NAME ':' PE_NAME
   42                | PE_NAME ':' PE_NAME

   43 event_legacy_numeric: PE_VALUE ':' PE_VALUE opt_event_config

   44 event_legacy_raw: PE_RAW opt_event_config

   45 opt_event_config: '/' event_config '/'
   46                 | '/' '/'
   47                 | /* empty */

   48 start_terms: event_config

   49 event_config: event_config ',' event_term
   50             | event_term

   51 event_term: PE_NAME '=' PE_NAME
   52           | PE_NAME '=' PE_VALUE
   53           | PE_NAME '=' PE_VALUE_SYM_HW
   54           | PE_NAME
   55           | PE_VALUE_SYM_HW
   56           | PE_TERM '=' PE_NAME
   57           | PE_TERM '=' PE_VALUE
   58           | PE_TERM

   59 sep_dc: ':'
   60       | /* empty */

   61 sep_slash_dc: '/'
   62             | ':'
   63             | /* empty */


Terminals, with rules where they appear

$end (0) 0
',' (44) 4 5 12 49
'-' (45) 28 33 34 41
'/' (47) 31 36 37 45 46 61
':' (58) 8 36 38 41 42 43 59 62
'=' (61) 51 52 53 56 57
'{' (123) 10 11
'}' (125) 10 11
error (256)
PE_START_EVENTS (258) 1
PE_START_TERMS (259) 2
PE_VALUE (260) 36 37 38 39 43 52 57
PE_VALUE_SYM_HW (261) 29 53 55
PE_VALUE_SYM_SW (262) 30
PE_RAW (263) 44
PE_TERM (264) 56 57 58
PE_EVENT_NAME (265) 17
PE_NAME (266) 10 26 41 42 51 52 53 54 56
PE_MODIFIER_EVENT (267) 8 15
PE_MODIFIER_BP (268) 36 38
PE_NAME_CACHE_TYPE (269) 33 34 35
PE_NAME_CACHE_OP_RESULT (270) 33 34
PE_PREFIX_MEM (271) 36 37 38 39
PE_PREFIX_RAW (272)
PE_PREFIX_GROUP (273)
PE_ERROR (274)
PE_PMU_EVENT_PRE (275) 28
PE_PMU_EVENT_SUF (276) 28
PE_KERNEL_PMU_EVENT (277) 27


Nonterminals, with rules where they appear

$accept (30)
    on left: 0
start (31)
    on left: 1 2, on right: 0
start_events (32)
    on left: 3, on right: 1
groups (33)
    on left: 4 5 6 7, on right: 3 4 5
group (34)
    on left: 8 9, on right: 4 6
group_def (35)
    on left: 10 11, on right: 8 9
events (36)
    on left: 12 13, on right: 10 11 12
event (37)
    on left: 14, on right: 5 7 12 13
event_mod (38)
    on left: 15 16, on right: 14
event_name (39)
    on left: 17 18, on right: 15 16
event_def (40)
    on left: 19 20 21 22 23 24 25, on right: 17 18
event_pmu (41)
    on left: 26 27 28, on right: 19
value_sym (42)
    on left: 29 30, on right: 31 32
event_legacy_symbol (43)
    on left: 31 32, on right: 20
event_legacy_cache (44)
    on left: 33 34 35, on right: 21
event_legacy_mem (45)
    on left: 36 37 38 39, on right: 22
event_legacy_tracepoint (46)
    on left: 40, on right: 23
tracepoint_name (47)
    on left: 41 42, on right: 40
event_legacy_numeric (48)
    on left: 43, on right: 24
event_legacy_raw (49)
    on left: 44, on right: 25
opt_event_config (50)
    on left: 45 46 47, on right: 26 33 34 35 40 43 44
start_terms (51)
    on left: 48, on right: 2
event_config (52)
    on left: 49 50, on right: 31 45 48 49
event_term (53)
    on left: 51 52 53 54 55 56 57 58, on right: 49 50
sep_dc (54)
    on left: 59 60, on right: 21 23 24 25 27 28 36 37 38 39
sep_slash_dc (55)
    on left: 61 62 63, on right: 32


State 0

    0 $accept: . start $end

    PE_START_EVENTS  shift, and go to state 1
    PE_START_TERMS   shift, and go to state 2

    start  go to state 3


State 1

    1 start: PE_START_EVENTS . start_events

    PE_VALUE             shift, and go to state 4
    PE_VALUE_SYM_HW      shift, and go to state 5
    PE_VALUE_SYM_SW      shift, and go to state 6
    PE_RAW               shift, and go to state 7
    PE_EVENT_NAME        shift, and go to state 8
    PE_NAME              shift, and go to state 9
    PE_NAME_CACHE_TYPE   shift, and go to state 10
    PE_PREFIX_MEM        shift, and go to state 11
    PE_PMU_EVENT_PRE     shift, and go to state 12
    PE_KERNEL_PMU_EVENT  shift, and go to state 13
    '{'                  shift, and go to state 14

    start_events             go to state 15
    groups                   go to state 16
    group                    go to state 17
    group_def                go to state 18
    event                    go to state 19
    event_mod                go to state 20
    event_name               go to state 21
    event_def                go to state 22
    event_pmu                go to state 23
    value_sym                go to state 24
    event_legacy_symbol      go to state 25
    event_legacy_cache       go to state 26
    event_legacy_mem         go to state 27
    event_legacy_tracepoint  go to state 28
    tracepoint_name          go to state 29
    event_legacy_numeric     go to state 30
    event_legacy_raw         go to state 31


State 2

    2 start: PE_START_TERMS . start_terms

    PE_VALUE_SYM_HW  shift, and go to state 32
    PE_TERM          shift, and go to state 33
    PE_NAME          shift, and go to state 34

    start_terms   go to state 35
    event_config  go to state 36
    event_term    go to state 37


State 3

    0 $accept: start . $end

    $end  shift, and go to state 38


State 4

   43 event_legacy_numeric: PE_VALUE . ':' PE_VALUE opt_event_config

    ':'  shift, and go to state 39


State 5

   29 value_sym: PE_VALUE_SYM_HW .

    $default  reduce using rule 29 (value_sym)


State 6

   30 value_sym: PE_VALUE_SYM_SW .

    $default  reduce using rule 30 (value_sym)


State 7

   44 event_legacy_raw: PE_RAW . opt_event_config

    '/'  shift, and go to state 40

    $default  reduce using rule 47 (opt_event_config)

    opt_event_config  go to state 41


State 8

   17 event_name: PE_EVENT_NAME . event_def

    PE_VALUE             shift, and go to state 4
    PE_VALUE_SYM_HW      shift, and go to state 5
    PE_VALUE_SYM_SW      shift, and go to state 6
    PE_RAW               shift, and go to state 7
    PE_NAME              shift, and go to state 42
    PE_NAME_CACHE_TYPE   shift, and go to state 10
    PE_PREFIX_MEM        shift, and go to state 11
    PE_PMU_EVENT_PRE     shift, and go to state 12
    PE_KERNEL_PMU_EVENT  shift, and go to state 13

    event_def                go to state 43
    event_pmu                go to state 23
    value_sym                go to state 24
    event_legacy_symbol      go to state 25
    event_legacy_cache       go to state 26
    event_legacy_mem         go to state 27
    event_legacy_tracepoint  go to state 28
    tracepoint_name          go to state 29
    event_legacy_numeric     go to state 30
    event_legacy_raw         go to state 31


State 9

   10 group_def: PE_NAME . '{' events '}'
   26 event_pmu: PE_NAME . opt_event_config
   41 tracepoint_name: PE_NAME . '-' PE_NAME ':' PE_NAME
   42                | PE_NAME . ':' PE_NAME

    ':'  shift, and go to state 44
    '{'  shift, and go to state 45
    '-'  shift, and go to state 46
    '/'  shift, and go to state 40

    $default  reduce using rule 47 (opt_event_config)

    opt_event_config  go to state 47


State 10

   33 event_legacy_cache: PE_NAME_CACHE_TYPE . '-' PE_NAME_CACHE_OP_RESULT '-' PE_NAME_CACHE_OP_RESULT opt_event_config
   34                   | PE_NAME_CACHE_TYPE . '-' PE_NAME_CACHE_OP_RESULT opt_event_config
   35                   | PE_NAME_CACHE_TYPE . opt_event_config

    '-'  shift, and go to state 48
    '/'  shift, and go to state 40

    $default  reduce using rule 47 (opt_event_config)

    opt_event_config  go to state 49


State 11

   36 event_legacy_mem: PE_PREFIX_MEM . PE_VALUE '/' PE_VALUE ':' PE_MODIFIER_BP sep_dc
   37                 | PE_PREFIX_MEM . PE_VALUE '/' PE_VALUE sep_dc
   38                 | PE_PREFIX_MEM . PE_VALUE ':' PE_MODIFIER_BP sep_dc
   39                 | PE_PREFIX_MEM . PE_VALUE sep_dc

    PE_VALUE  shift, and go to state 50


State 12

   28 event_pmu: PE_PMU_EVENT_PRE . '-' PE_PMU_EVENT_SUF sep_dc

    '-'  shift, and go to state 51


State 13

   27 event_pmu: PE_KERNEL_PMU_EVENT . sep_dc

    ':'  shift, and go to state 52

    $default  reduce using rule 60 (sep_dc)

    sep_dc  go to state 53


State 14

   11 group_def: '{' . events '}'

    PE_VALUE             shift, and go to state 4
    PE_VALUE_SYM_HW      shift, and go to state 5
    PE_VALUE_SYM_SW      shift, and go to state 6
    PE_RAW               shift, and go to state 7
    PE_EVENT_NAME        shift, and go to state 8
    PE_NAME              shift, and go to state 42
    PE_NAME_CACHE_TYPE   shift, and go to state 10
    PE_PREFIX_MEM        shift, and go to state 11
    PE_PMU_EVENT_PRE     shift, and go to state 12
    PE_KERNEL_PMU_EVENT  shift, and go to state 13

    events                   go to state 54
    event                    go to state 55
    event_mod                go to state 20
    event_name               go to state 21
    event_def                go to state 22
    event_pmu                go to state 23
    value_sym                go to state 24
    event_legacy_symbol      go to state 25
    event_legacy_cache       go to state 26
    event_legacy_mem         go to state 27
    event_legacy_tracepoint  go to state 28
    tracepoint_name          go to state 29
    event_legacy_numeric     go to state 30
    event_legacy_raw         go to state 31


State 15

    1 start: PE_START_EVENTS start_events .

    $default  reduce using rule 1 (start)


State 16

    3 start_events: groups .
    4 groups: groups . ',' group
    5       | groups . ',' event

    ','  shift, and go to state 56

    $default  reduce using rule 3 (start_events)


State 17

    6 groups: group .

    $default  reduce using rule 6 (groups)


State 18

    8 group: group_def . ':' PE_MODIFIER_EVENT
    9      | group_def .

    ':'  shift, and go to state 57

    $default  reduce using rule 9 (group)


State 19

    7 groups: event .

    $default  reduce using rule 7 (groups)


State 20

   14 event: event_mod .

    $default  reduce using rule 14 (event)


State 21

   15 event_mod: event_name . PE_MODIFIER_EVENT
   16          | event_name .

    PE_MODIFIER_EVENT  shift, and go to state 58

    $default  reduce using rule 16 (event_mod)


State 22

   18 event_name: event_def .

    $default  reduce using rule 18 (event_name)


State 23

   19 event_def: event_pmu .

    $default  reduce using rule 19 (event_def)


State 24

   31 event_legacy_symbol: value_sym . '/' event_config '/'
   32                    | value_sym . sep_slash_dc

    ':'  shift, and go to state 59
    '/'  shift, and go to state 60

    $default  reduce using rule 63 (sep_slash_dc)

    sep_slash_dc  go to state 61


State 25

   20 event_def: event_legacy_symbol .

    $default  reduce using rule 20 (event_def)


State 26

   21 event_def: event_legacy_cache . sep_dc

    ':'  shift, and go to state 52

    $default  reduce using rule 60 (sep_dc)

    sep_dc  go to state 62


State 27

   22 event_def: event_legacy_mem .

    $default  reduce using rule 22 (event_def)


State 28

   23 event_def: event_legacy_tracepoint . sep_dc

    ':'  shift, and go to state 52

    $default  reduce using rule 60 (sep_dc)

    sep_dc  go to state 63


State 29

   40 event_legacy_tracepoint: tracepoint_name . opt_event_config

    '/'  shift, and go to state 40

    $default  reduce using rule 47 (opt_event_config)

    opt_event_config  go to state 64


State 30

   24 event_def: event_legacy_numeric . sep_dc

    ':'  shift, and go to state 52

    $default  reduce using rule 60 (sep_dc)

    sep_dc  go to state 65


State 31

   25 event_def: event_legacy_raw . sep_dc

    ':'  shift, and go to state 52

    $default  reduce using rule 60 (sep_dc)

    sep_dc  go to state 66


State 32

   55 event_term: PE_VALUE_SYM_HW .

    $default  reduce using rule 55 (event_term)


State 33

   56 event_term: PE_TERM . '=' PE_NAME
   57           | PE_TERM . '=' PE_VALUE
   58           | PE_TERM .

    '='  shift, and go to state 67

    $default  reduce using rule 58 (event_term)


State 34

   51 event_term: PE_NAME . '=' PE_NAME
   52           | PE_NAME . '=' PE_VALUE
   53           | PE_NAME . '=' PE_VALUE_SYM_HW
   54           | PE_NAME .

    '='  shift, and go to state 68

    $default  reduce using rule 54 (event_term)


State 35

    2 start: PE_START_TERMS start_terms .

    $default  reduce using rule 2 (start)


State 36

   48 start_terms: event_config .
   49 event_config: event_config . ',' event_term

    ','  shift, and go to state 69

    $default  reduce using rule 48 (start_terms)


State 37

   50 event_config: event_term .

    $default  reduce using rule 50 (event_config)


State 38

    0 $accept: start $end .

    $default  accept


State 39

   43 event_legacy_numeric: PE_VALUE ':' . PE_VALUE opt_event_config

    PE_VALUE  shift, and go to state 70


State 40

   45 opt_event_config: '/' . event_config '/'
   46                 | '/' . '/'

    PE_VALUE_SYM_HW  shift, and go to state 32
    PE_TERM          shift, and go to state 33
    PE_NAME          shift, and go to state 34
    '/'              shift, and go to state 71

    event_config  go to state 72
    event_term    go to state 37


State 41

   44 event_legacy_raw: PE_RAW opt_event_config .

    $default  reduce using rule 44 (event_legacy_raw)


State 42

   26 event_pmu: PE_NAME . opt_event_config
   41 tracepoint_name: PE_NAME . '-' PE_NAME ':' PE_NAME
   42                | PE_NAME . ':' PE_NAME

    ':'  shift, and go to state 44
    '-'  shift, and go to state 46
    '/'  shift, and go to state 40

    $default  reduce using rule 47 (opt_event_config)

    opt_event_config  go to state 47


State 43

   17 event_name: PE_EVENT_NAME event_def .

    $default  reduce using rule 17 (event_name)


State 44

   42 tracepoint_name: PE_NAME ':' . PE_NAME

    PE_NAME  shift, and go to state 73


State 45

   10 group_def: PE_NAME '{' . events '}'

    PE_VALUE             shift, and go to state 4
    PE_VALUE_SYM_HW      shift, and go to state 5
    PE_VALUE_SYM_SW      shift, and go to state 6
    PE_RAW               shift, and go to state 7
    PE_EVENT_NAME        shift, and go to state 8
    PE_NAME              shift, and go to state 42
    PE_NAME_CACHE_TYPE   shift, and go to state 10
    PE_PREFIX_MEM        shift, and go to state 11
    PE_PMU_EVENT_PRE     shift, and go to state 12
    PE_KERNEL_PMU_EVENT  shift, and go to state 13

    events                   go to state 74
    event                    go to state 55
    event_mod                go to state 20
    event_name               go to state 21
    event_def                go to state 22
    event_pmu                go to state 23
    value_sym                go to state 24
    event_legacy_symbol      go to state 25
    event_legacy_cache       go to state 26
    event_legacy_mem         go to state 27
    event_legacy_tracepoint  go to state 28
    tracepoint_name          go to state 29
    event_legacy_numeric     go to state 30
    event_legacy_raw         go to state 31


State 46

   41 tracepoint_name: PE_NAME '-' . PE_NAME ':' PE_NAME

    PE_NAME  shift, and go to state 75


State 47

   26 event_pmu: PE_NAME opt_event_config .

    $default  reduce using rule 26 (event_pmu)


State 48

   33 event_legacy_cache: PE_NAME_CACHE_TYPE '-' . PE_NAME_CACHE_OP_RESULT '-' PE_NAME_CACHE_OP_RESULT opt_event_config
   34                   | PE_NAME_CACHE_TYPE '-' . PE_NAME_CACHE_OP_RESULT opt_event_config

    PE_NAME_CACHE_OP_RESULT  shift, and go to state 76


State 49

   35 event_legacy_cache: PE_NAME_CACHE_TYPE opt_event_config .

    $default  reduce using rule 35 (event_legacy_cache)


State 50

   36 event_legacy_mem: PE_PREFIX_MEM PE_VALUE . '/' PE_VALUE ':' PE_MODIFIER_BP sep_dc
   37                 | PE_PREFIX_MEM PE_VALUE . '/' PE_VALUE sep_dc
   38                 | PE_PREFIX_MEM PE_VALUE . ':' PE_MODIFIER_BP sep_dc
   39                 | PE_PREFIX_MEM PE_VALUE . sep_dc

    ':'  shift, and go to state 77
    '/'  shift, and go to state 78

    $default  reduce using rule 60 (sep_dc)

    sep_dc  go to state 79


State 51

   28 event_pmu: PE_PMU_EVENT_PRE '-' . PE_PMU_EVENT_SUF sep_dc

    PE_PMU_EVENT_SUF  shift, and go to state 80


State 52

   59 sep_dc: ':' .

    $default  reduce using rule 59 (sep_dc)


State 53

   27 event_pmu: PE_KERNEL_PMU_EVENT sep_dc .

    $default  reduce using rule 27 (event_pmu)


State 54

   11 group_def: '{' events . '}'
   12 events: events . ',' event

    ','  shift, and go to state 81
    '}'  shift, and go to state 82


State 55

   13 events: event .

    $default  reduce using rule 13 (events)


State 56

    4 groups: groups ',' . group
    5       | groups ',' . event

    PE_VALUE             shift, and go to state 4
    PE_VALUE_SYM_HW      shift, and go to state 5
    PE_VALUE_SYM_SW      shift, and go to state 6
    PE_RAW               shift, and go to state 7
    PE_EVENT_NAME        shift, and go to state 8
    PE_NAME              shift, and go to state 9
    PE_NAME_CACHE_TYPE   shift, and go to state 10
    PE_PREFIX_MEM        shift, and go to state 11
    PE_PMU_EVENT_PRE     shift, and go to state 12
    PE_KERNEL_PMU_EVENT  shift, and go to state 13
    '{'                  shift, and go to state 14

    group                    go to state 83
    group_def                go to state 18
    event                    go to state 84
    event_mod                go to state 20
    event_name               go to state 21
    event_def                go to state 22
    event_pmu                go to state 23
    value_sym                go to state 24
    event_legacy_symbol      go to state 25
    event_legacy_cache       go to state 26
    event_legacy_mem         go to state 27
    event_legacy_tracepoint  go to state 28
    tracepoint_name          go to state 29
    event_legacy_numeric     go to state 30
    event_legacy_raw         go to state 31


State 57

    8 group: group_def ':' . PE_MODIFIER_EVENT

    PE_MODIFIER_EVENT  shift, and go to state 85


State 58

   15 event_mod: event_name PE_MODIFIER_EVENT .

    $default  reduce using rule 15 (event_mod)


State 59

   62 sep_slash_dc: ':' .

    $default  reduce using rule 62 (sep_slash_dc)


State 60

   31 event_legacy_symbol: value_sym '/' . event_config '/'
   61 sep_slash_dc: '/' .

    PE_VALUE_SYM_HW  shift, and go to state 32
    PE_TERM          shift, and go to state 33
    PE_NAME          shift, and go to state 34

    $default  reduce using rule 61 (sep_slash_dc)

    event_config  go to state 86
    event_term    go to state 37


State 61

   32 event_legacy_symbol: value_sym sep_slash_dc .

    $default  reduce using rule 32 (event_legacy_symbol)


State 62

   21 event_def: event_legacy_cache sep_dc .

    $default  reduce using rule 21 (event_def)


State 63

   23 event_def: event_legacy_tracepoint sep_dc .

    $default  reduce using rule 23 (event_def)


State 64

   40 event_legacy_tracepoint: tracepoint_name opt_event_config .

    $default  reduce using rule 40 (event_legacy_tracepoint)


State 65

   24 event_def: event_legacy_numeric sep_dc .

    $default  reduce using rule 24 (event_def)


State 66

   25 event_def: event_legacy_raw sep_dc .

    $default  reduce using rule 25 (event_def)


State 67

   56 event_term: PE_TERM '=' . PE_NAME
   57           | PE_TERM '=' . PE_VALUE

    PE_VALUE  shift, and go to state 87
    PE_NAME   shift, and go to state 88


State 68

   51 event_term: PE_NAME '=' . PE_NAME
   52           | PE_NAME '=' . PE_VALUE
   53           | PE_NAME '=' . PE_VALUE_SYM_HW

    PE_VALUE         shift, and go to state 89
    PE_VALUE_SYM_HW  shift, and go to state 90
    PE_NAME          shift, and go to state 91


State 69

   49 event_config: event_config ',' . event_term

    PE_VALUE_SYM_HW  shift, and go to state 32
    PE_TERM          shift, and go to state 33
    PE_NAME          shift, and go to state 34

    event_term  go to state 92


State 70

   43 event_legacy_numeric: PE_VALUE ':' PE_VALUE . opt_event_config

    '/'  shift, and go to state 40

    $default  reduce using rule 47 (opt_event_config)

    opt_event_config  go to state 93


State 71

   46 opt_event_config: '/' '/' .

    $default  reduce using rule 46 (opt_event_config)


State 72

   45 opt_event_config: '/' event_config . '/'
   49 event_config: event_config . ',' event_term

    ','  shift, and go to state 69
    '/'  shift, and go to state 94


State 73

   42 tracepoint_name: PE_NAME ':' PE_NAME .

    $default  reduce using rule 42 (tracepoint_name)


State 74

   10 group_def: PE_NAME '{' events . '}'
   12 events: events . ',' event

    ','  shift, and go to state 81
    '}'  shift, and go to state 95


State 75

   41 tracepoint_name: PE_NAME '-' PE_NAME . ':' PE_NAME

    ':'  shift, and go to state 96


State 76

   33 event_legacy_cache: PE_NAME_CACHE_TYPE '-' PE_NAME_CACHE_OP_RESULT . '-' PE_NAME_CACHE_OP_RESULT opt_event_config
   34                   | PE_NAME_CACHE_TYPE '-' PE_NAME_CACHE_OP_RESULT . opt_event_config

    '-'  shift, and go to state 97
    '/'  shift, and go to state 40

    $default  reduce using rule 47 (opt_event_config)

    opt_event_config  go to state 98


State 77

   38 event_legacy_mem: PE_PREFIX_MEM PE_VALUE ':' . PE_MODIFIER_BP sep_dc
   59 sep_dc: ':' .

    PE_MODIFIER_BP  shift, and go to state 99

    $default  reduce using rule 59 (sep_dc)


State 78

   36 event_legacy_mem: PE_PREFIX_MEM PE_VALUE '/' . PE_VALUE ':' PE_MODIFIER_BP sep_dc
   37                 | PE_PREFIX_MEM PE_VALUE '/' . PE_VALUE sep_dc

    PE_VALUE  shift, and go to state 100


State 79

   39 event_legacy_mem: PE_PREFIX_MEM PE_VALUE sep_dc .

    $default  reduce using rule 39 (event_legacy_mem)


State 80

   28 event_pmu: PE_PMU_EVENT_PRE '-' PE_PMU_EVENT_SUF . sep_dc

    ':'  shift, and go to state 52

    $default  reduce using rule 60 (sep_dc)

    sep_dc  go to state 101


State 81

   12 events: events ',' . event

    PE_VALUE             shift, and go to state 4
    PE_VALUE_SYM_HW      shift, and go to state 5
    PE_VALUE_SYM_SW      shift, and go to state 6
    PE_RAW               shift, and go to state 7
    PE_EVENT_NAME        shift, and go to state 8
    PE_NAME              shift, and go to state 42
    PE_NAME_CACHE_TYPE   shift, and go to state 10
    PE_PREFIX_MEM        shift, and go to state 11
    PE_PMU_EVENT_PRE     shift, and go to state 12
    PE_KERNEL_PMU_EVENT  shift, and go to state 13

    event                    go to state 102
    event_mod                go to state 20
    event_name               go to state 21
    event_def                go to state 22
    event_pmu                go to state 23
    value_sym                go to state 24
    event_legacy_symbol      go to state 25
    event_legacy_cache       go to state 26
    event_legacy_mem         go to state 27
    event_legacy_tracepoint  go to state 28
    tracepoint_name          go to state 29
    event_legacy_numeric     go to state 30
    event_legacy_raw         go to state 31


State 82

   11 group_def: '{' events '}' .

    $default  reduce using rule 11 (group_def)


State 83

    4 groups: groups ',' group .

    $default  reduce using rule 4 (groups)


State 84

    5 groups: groups ',' event .

    $default  reduce using rule 5 (groups)


State 85

    8 group: group_def ':' PE_MODIFIER_EVENT .

    $default  reduce using rule 8 (group)


State 86

   31 event_legacy_symbol: value_sym '/' event_config . '/'
   49 event_config: event_config . ',' event_term

    ','  shift, and go to state 69
    '/'  shift, and go to state 103


State 87

   57 event_term: PE_TERM '=' PE_VALUE .

    $default  reduce using rule 57 (event_term)


State 88

   56 event_term: PE_TERM '=' PE_NAME .

    $default  reduce using rule 56 (event_term)


State 89

   52 event_term: PE_NAME '=' PE_VALUE .

    $default  reduce using rule 52 (event_term)


State 90

   53 event_term: PE_NAME '=' PE_VALUE_SYM_HW .

    $default  reduce using rule 53 (event_term)


State 91

   51 event_term: PE_NAME '=' PE_NAME .

    $default  reduce using rule 51 (event_term)


State 92

   49 event_config: event_config ',' event_term .

    $default  reduce using rule 49 (event_config)


State 93

   43 event_legacy_numeric: PE_VALUE ':' PE_VALUE opt_event_config .

    $default  reduce using rule 43 (event_legacy_numeric)


State 94

   45 opt_event_config: '/' event_config '/' .

    $default  reduce using rule 45 (opt_event_config)


State 95

   10 group_def: PE_NAME '{' events '}' .

    $default  reduce using rule 10 (group_def)


State 96

   41 tracepoint_name: PE_NAME '-' PE_NAME ':' . PE_NAME

    PE_NAME  shift, and go to state 104


State 97

   33 event_legacy_cache: PE_NAME_CACHE_TYPE '-' PE_NAME_CACHE_OP_RESULT '-' . PE_NAME_CACHE_OP_RESULT opt_event_config

    PE_NAME_CACHE_OP_RESULT  shift, and go to state 105


State 98

   34 event_legacy_cache: PE_NAME_CACHE_TYPE '-' PE_NAME_CACHE_OP_RESULT opt_event_config .

    $default  reduce using rule 34 (event_legacy_cache)


State 99

   38 event_legacy_mem: PE_PREFIX_MEM PE_VALUE ':' PE_MODIFIER_BP . sep_dc

    ':'  shift, and go to state 52

    $default  reduce using rule 60 (sep_dc)

    sep_dc  go to state 106


State 100

   36 event_legacy_mem: PE_PREFIX_MEM PE_VALUE '/' PE_VALUE . ':' PE_MODIFIER_BP sep_dc
   37                 | PE_PREFIX_MEM PE_VALUE '/' PE_VALUE . sep_dc

    ':'  shift, and go to state 107

    $default  reduce using rule 60 (sep_dc)

    sep_dc  go to state 108


State 101

   28 event_pmu: PE_PMU_EVENT_PRE '-' PE_PMU_EVENT_SUF sep_dc .

    $default  reduce using rule 28 (event_pmu)


State 102

   12 events: events ',' event .

    $default  reduce using rule 12 (events)


State 103

   31 event_legacy_symbol: value_sym '/' event_config '/' .

    $default  reduce using rule 31 (event_legacy_symbol)


State 104

   41 tracepoint_name: PE_NAME '-' PE_NAME ':' PE_NAME .

    $default  reduce using rule 41 (tracepoint_name)


State 105

   33 event_legacy_cache: PE_NAME_CACHE_TYPE '-' PE_NAME_CACHE_OP_RESULT '-' PE_NAME_CACHE_OP_RESULT . opt_event_config

    '/'  shift, and go to state 40

    $default  reduce using rule 47 (opt_event_config)

    opt_event_config  go to state 109


State 106

   38 event_legacy_mem: PE_PREFIX_MEM PE_VALUE ':' PE_MODIFIER_BP sep_dc .

    $default  reduce using rule 38 (event_legacy_mem)


State 107

   36 event_legacy_mem: PE_PREFIX_MEM PE_VALUE '/' PE_VALUE ':' . PE_MODIFIER_BP sep_dc
   59 sep_dc: ':' .

    PE_MODIFIER_BP  shift, and go to state 110

    $default  reduce using rule 59 (sep_dc)


State 108

   37 event_legacy_mem: PE_PREFIX_MEM PE_VALUE '/' PE_VALUE sep_dc .

    $default  reduce using rule 37 (event_legacy_mem)


State 109

   33 event_legacy_cache: PE_NAME_CACHE_TYPE '-' PE_NAME_CACHE_OP_RESULT '-' PE_NAME_CACHE_OP_RESULT opt_event_config .

    $default  reduce using rule 33 (event_legacy_cache)


State 110

   36 event_legacy_mem: PE_PREFIX_MEM PE_VALUE '/' PE_VALUE ':' PE_MODIFIER_BP . sep_dc

    ':'  shift, and go to state 52

    $default  reduce using rule 60 (sep_dc)

    sep_dc  go to state 111


State 111

   36 event_legacy_mem: PE_PREFIX_MEM PE_VALUE '/' PE_VALUE ':' PE_MODIFIER_BP sep_dc .

    $default  reduce using rule 36 (event_legacy_mem)
